<?xml version="1.0" encoding="UTF-8"?>
<!-- Generated by org.testng.reporters.JUnitReportReporter -->
<testsuite hostname="LAPTOP-FQTCSAVM" failures="0" tests="2" name="com.zoho.test.CreateNewLead" time="28.534" errors="0" timestamp="2022-11-03T11:54:27 IST" skipped="0">
  <testcase classname="com.zoho.test.CreateNewLead" name="test2" time="10.193"/>
  <system-out/>
  <testcase classname="com.zoho.test.CreateNewLead" name="test1" time="18.341"/>
  <system-out>
    <![CDATA[All Buttons are enabled
All texts are displayed]]>
  </system-out>
</testsuite> <!-- com.zoho.test.CreateNewLead -->
