<?xml version="1.0" encoding="UTF-8"?>
<!-- Generated by org.testng.reporters.JUnitReportReporter -->
<testsuite hostname="LAPTOP-FQTCSAVM" failures="0" tests="2" name="com.zoho.test.System1" time="9.952" errors="0" timestamp="2022-11-01T20:34:34 IST" skipped="0">
  <testcase classname="com.zoho.test.System1" name="test2" time="6.279"/>
  <system-out/>
  <testcase classname="com.zoho.test.System1" name="test1a" time="3.673"/>
  <system-out/>
</testsuite> <!-- com.zoho.test.System1 -->
